2022-12-18 23:34:06 INFO  DesktopPage :100 - click on currency link[[ChromeDriver: chrome on WINDOWS (5934ab69b2ecb1cd9a9739189eec59c5)] -> xpath: //span[contains(text(),'Currency')]]
2022-12-19 01:46:34 INFO  DesktopPage :100 - click on currency link[[ChromeDriver: chrome on WINDOWS (09eb02a6cdde5812489510b0141bd710)] -> xpath: //span[contains(text(),'Currency')]]
2022-12-19 01:46:35 INFO  DesktopPage :111 - Mouse Hover On Desktop[[ChromeDriver: chrome on WINDOWS (09eb02a6cdde5812489510b0141bd710)] -> link text: Desktops]
2022-12-19 01:46:35 INFO  DesktopPage :115 - click On Show All Desktop[[ChromeDriver: chrome on WINDOWS (09eb02a6cdde5812489510b0141bd710)] -> link text: Show All Desktops]
2022-12-19 01:46:36 INFO  DesktopPage :119 - Sort Name: Z to A By Position NameZtoA[[ChromeDriver: chrome on WINDOWS (09eb02a6cdde5812489510b0141bd710)] -> xpath: //select[@id='input-sort']]
2022-12-19 01:47:39 INFO  DesktopPage :100 - click on currency link[[ChromeDriver: chrome on WINDOWS (4e00c7877f4776e251b394bd99bb7c28)] -> xpath: //span[contains(text(),'Currency')]]
2022-12-19 01:47:40 INFO  DesktopPage :111 - Mouse Hover On Desktop[[ChromeDriver: chrome on WINDOWS (4e00c7877f4776e251b394bd99bb7c28)] -> link text: Desktops]
2022-12-19 01:47:40 INFO  DesktopPage :115 - click On Show All Desktop[[ChromeDriver: chrome on WINDOWS (4e00c7877f4776e251b394bd99bb7c28)] -> link text: Show All Desktops]
2022-12-19 01:47:41 INFO  DesktopPage :119 - Sort Name: Z to A By Position NameZtoA[[ChromeDriver: chrome on WINDOWS (4e00c7877f4776e251b394bd99bb7c28)] -> xpath: //select[@id='input-sort']]
2022-12-19 01:49:55 INFO  DesktopPage :100 - click on currency link[[ChromeDriver: chrome on WINDOWS (1c5f2b76cbfbb5ba2ccb2427c9ca142d)] -> xpath: //span[contains(text(),'Currency')]]
2022-12-19 01:49:55 INFO  DesktopPage :111 - Mouse Hover On Desktop[[ChromeDriver: chrome on WINDOWS (1c5f2b76cbfbb5ba2ccb2427c9ca142d)] -> link text: Desktops]
2022-12-19 01:49:56 INFO  DesktopPage :115 - click On Show All Desktop[[ChromeDriver: chrome on WINDOWS (1c5f2b76cbfbb5ba2ccb2427c9ca142d)] -> link text: Show All Desktops]
2022-12-19 01:49:56 INFO  DesktopPage :119 - Sort Name (Z - A) By Position NameZtoA[[ChromeDriver: chrome on WINDOWS (1c5f2b76cbfbb5ba2ccb2427c9ca142d)] -> xpath: //select[@id='input-sort']]
2022-12-19 01:51:15 INFO  DesktopPage :100 - click on currency link[[ChromeDriver: chrome on WINDOWS (a5d1c0312763749fec645dab562dd29b)] -> xpath: //span[contains(text(),'Currency')]]
2022-12-19 01:51:16 INFO  DesktopPage :111 - Mouse Hover On Desktop[[ChromeDriver: chrome on WINDOWS (a5d1c0312763749fec645dab562dd29b)] -> link text: Desktops]
2022-12-19 01:51:16 INFO  DesktopPage :115 - click On Show All Desktop[[ChromeDriver: chrome on WINDOWS (a5d1c0312763749fec645dab562dd29b)] -> link text: Show All Desktops]
2022-12-19 01:51:18 INFO  DesktopPage :119 - Sort Name (Z - A) By Position NameZtoA[[ChromeDriver: chrome on WINDOWS (a5d1c0312763749fec645dab562dd29b)] -> xpath: //select[@id='input-sort']]
2022-12-19 05:12:28 INFO  DesktopPage :100 - click on currency link[[ChromeDriver: chrome on WINDOWS (cd680809c52324866ccec0e8e6dabcb1)] -> xpath: //span[contains(text(),'Currency')]]
2022-12-19 05:12:28 INFO  DesktopPage :111 - Mouse Hover On Desktop[[ChromeDriver: chrome on WINDOWS (cd680809c52324866ccec0e8e6dabcb1)] -> link text: Desktops]
2022-12-19 05:12:28 INFO  DesktopPage :115 - click On Show All Desktop[[ChromeDriver: chrome on WINDOWS (cd680809c52324866ccec0e8e6dabcb1)] -> link text: Show All Desktops]
2022-12-19 05:12:29 INFO  DesktopPage :119 - Sort Name (Z - A) By Position NameZtoA[[ChromeDriver: chrome on WINDOWS (cd680809c52324866ccec0e8e6dabcb1)] -> xpath: //select[@id='input-sort']]
2022-12-19 05:12:34 INFO  DesktopPage :100 - click on currency link[[ChromeDriver: chrome on WINDOWS (87a55ad2cbd858057a06c8da4bd38dbc)] -> xpath: //span[contains(text(),'Currency')]]
2022-12-19 05:12:35 INFO  DesktopPage :111 - Mouse Hover On Desktop[[ChromeDriver: chrome on WINDOWS (87a55ad2cbd858057a06c8da4bd38dbc)] -> link text: Desktops]
2022-12-19 05:12:35 INFO  DesktopPage :115 - click On Show All Desktop[[ChromeDriver: chrome on WINDOWS (87a55ad2cbd858057a06c8da4bd38dbc)] -> link text: Show All Desktops]
2022-12-19 05:12:36 INFO  DesktopPage :147 - Sort Name (A - Z) By Position NameAtoZ[[ChromeDriver: chrome on WINDOWS (87a55ad2cbd858057a06c8da4bd38dbc)] -> xpath: //select[@id='input-sort']]
2022-12-19 05:20:40 INFO  DesktopPage :100 - click on currency link[[ChromeDriver: chrome on WINDOWS (4396785338240698d2b60474ad0ab288)] -> xpath: //span[contains(text(),'Currency')]]
2022-12-19 05:20:41 INFO  DesktopPage :111 - Mouse Hover On Desktop[[ChromeDriver: chrome on WINDOWS (4396785338240698d2b60474ad0ab288)] -> link text: Desktops]
2022-12-19 05:20:41 INFO  DesktopPage :115 - click On Show All Desktop[[ChromeDriver: chrome on WINDOWS (4396785338240698d2b60474ad0ab288)] -> link text: Show All Desktops]
2022-12-19 05:20:42 INFO  DesktopPage :119 - Sort Name (Z - A) By Position NameZtoA[[ChromeDriver: chrome on WINDOWS (4396785338240698d2b60474ad0ab288)] -> xpath: //select[@id='input-sort']]
2022-12-19 05:20:47 INFO  DesktopPage :100 - click on currency link[[ChromeDriver: chrome on WINDOWS (26872901f273809e0eb7cac5f58904b9)] -> xpath: //span[contains(text(),'Currency')]]
2022-12-19 05:20:48 INFO  DesktopPage :111 - Mouse Hover On Desktop[[ChromeDriver: chrome on WINDOWS (26872901f273809e0eb7cac5f58904b9)] -> link text: Desktops]
2022-12-19 05:20:48 INFO  DesktopPage :115 - click On Show All Desktop[[ChromeDriver: chrome on WINDOWS (26872901f273809e0eb7cac5f58904b9)] -> link text: Show All Desktops]
2022-12-19 05:20:49 INFO  DesktopPage :147 - Sort Name (A - Z) By Position NameAtoZ[[ChromeDriver: chrome on WINDOWS (26872901f273809e0eb7cac5f58904b9)] -> xpath: //select[@id='input-sort']]
2022-12-19 05:20:49 INFO  DesktopPage :151 - Click On Product HPLP3065[[ChromeDriver: chrome on WINDOWS (26872901f273809e0eb7cac5f58904b9)] -> link text: HP LP3065]
2022-12-19 05:23:48 INFO  DesktopPage :100 - click on currency link[[ChromeDriver: chrome on WINDOWS (b26f911279bd107eb3657fa762f9c4fc)] -> xpath: //span[contains(text(),'Currency')]]
2022-12-19 05:23:48 INFO  DesktopPage :111 - Mouse Hover On Desktop[[ChromeDriver: chrome on WINDOWS (b26f911279bd107eb3657fa762f9c4fc)] -> link text: Desktops]
2022-12-19 05:23:49 INFO  DesktopPage :115 - click On Show All Desktop[[ChromeDriver: chrome on WINDOWS (b26f911279bd107eb3657fa762f9c4fc)] -> link text: Show All Desktops]
2022-12-19 05:23:49 INFO  DesktopPage :147 - Sort Name (A - Z) By Position NameAtoZ[[ChromeDriver: chrome on WINDOWS (b26f911279bd107eb3657fa762f9c4fc)] -> xpath: //select[@id='input-sort']]
2022-12-19 05:23:50 INFO  DesktopPage :151 - Click On Product HPLP3065[[ChromeDriver: chrome on WINDOWS (b26f911279bd107eb3657fa762f9c4fc)] -> link text: HP LP3065]
2022-12-19 06:10:18 INFO  DesktopPage :100 - click on currency link[[ChromeDriver: chrome on WINDOWS (d756087c72f2100e5583a8fa0139355c)] -> xpath: //span[contains(text(),'Currency')]]
2022-12-19 06:10:18 INFO  DesktopPage :111 - Mouse Hover On Desktop[[ChromeDriver: chrome on WINDOWS (d756087c72f2100e5583a8fa0139355c)] -> link text: Desktops]
2022-12-19 06:10:19 INFO  DesktopPage :115 - click On Show All Desktop[[ChromeDriver: chrome on WINDOWS (d756087c72f2100e5583a8fa0139355c)] -> link text: Show All Desktops]
2022-12-19 06:10:19 INFO  DesktopPage :147 - Sort Name (A - Z) By Position NameAtoZ[[ChromeDriver: chrome on WINDOWS (d756087c72f2100e5583a8fa0139355c)] -> xpath: //select[@id='input-sort']]
2022-12-19 06:10:20 INFO  DesktopPage :151 - Click On Product HPLP3065[[ChromeDriver: chrome on WINDOWS (d756087c72f2100e5583a8fa0139355c)] -> link text: HP LP3065]
2022-12-19 06:13:09 INFO  DesktopPage :100 - click on currency link[[ChromeDriver: chrome on WINDOWS (7c2fcc29496d20edc2955f68ea870250)] -> xpath: //span[contains(text(),'Currency')]]
2022-12-19 06:13:09 INFO  DesktopPage :111 - Mouse Hover On Desktop[[ChromeDriver: chrome on WINDOWS (7c2fcc29496d20edc2955f68ea870250)] -> link text: Desktops]
2022-12-19 06:13:10 INFO  DesktopPage :115 - click On Show All Desktop[[ChromeDriver: chrome on WINDOWS (7c2fcc29496d20edc2955f68ea870250)] -> link text: Show All Desktops]
2022-12-19 06:13:10 INFO  DesktopPage :147 - Sort Name (A - Z) By Position NameAtoZ[[ChromeDriver: chrome on WINDOWS (7c2fcc29496d20edc2955f68ea870250)] -> xpath: //select[@id='input-sort']]
2022-12-19 06:13:11 INFO  DesktopPage :151 - Click On Product HPLP3065[[ChromeDriver: chrome on WINDOWS (7c2fcc29496d20edc2955f68ea870250)] -> link text: HP LP3065]
2022-12-19 06:14:02 INFO  DesktopPage :100 - click on currency link[[ChromeDriver: chrome on WINDOWS (b6365efd6645eb4e732c336f236b946b)] -> xpath: //span[contains(text(),'Currency')]]
2022-12-19 06:14:02 INFO  DesktopPage :111 - Mouse Hover On Desktop[[ChromeDriver: chrome on WINDOWS (b6365efd6645eb4e732c336f236b946b)] -> link text: Desktops]
2022-12-19 06:14:02 INFO  DesktopPage :115 - click On Show All Desktop[[ChromeDriver: chrome on WINDOWS (b6365efd6645eb4e732c336f236b946b)] -> link text: Show All Desktops]
2022-12-19 06:14:03 INFO  DesktopPage :147 - Sort Name (A - Z) By Position NameAtoZ[[ChromeDriver: chrome on WINDOWS (b6365efd6645eb4e732c336f236b946b)] -> xpath: //select[@id='input-sort']]
2022-12-19 06:14:04 INFO  DesktopPage :151 - Click On Product HPLP3065[[ChromeDriver: chrome on WINDOWS (b6365efd6645eb4e732c336f236b946b)] -> link text: HP LP3065]
2022-12-19 06:17:19 INFO  DesktopPage :100 - click on currency link[[ChromeDriver: chrome on WINDOWS (ea2da40005b747d38fc9dffe248a60da)] -> xpath: //span[contains(text(),'Currency')]]
2022-12-19 06:17:20 INFO  DesktopPage :111 - Mouse Hover On Desktop[[ChromeDriver: chrome on WINDOWS (ea2da40005b747d38fc9dffe248a60da)] -> link text: Desktops]
2022-12-19 06:17:20 INFO  DesktopPage :115 - click On Show All Desktop[[ChromeDriver: chrome on WINDOWS (ea2da40005b747d38fc9dffe248a60da)] -> link text: Show All Desktops]
2022-12-19 06:17:21 INFO  DesktopPage :147 - Sort Name (A - Z) By Position NameAtoZ[[ChromeDriver: chrome on WINDOWS (ea2da40005b747d38fc9dffe248a60da)] -> xpath: //select[@id='input-sort']]
2022-12-19 06:17:21 INFO  DesktopPage :151 - Click On Product HPLP3065[[ChromeDriver: chrome on WINDOWS (ea2da40005b747d38fc9dffe248a60da)] -> link text: HP LP3065]
2022-12-19 06:22:23 INFO  DesktopPage :100 - click on currency link[[ChromeDriver: chrome on WINDOWS (5eff5e28df58d2ecb6649270e970036f)] -> xpath: //span[contains(text(),'Currency')]]
2022-12-19 06:22:24 INFO  DesktopPage :111 - Mouse Hover On Desktop[[ChromeDriver: chrome on WINDOWS (5eff5e28df58d2ecb6649270e970036f)] -> link text: Desktops]
2022-12-19 06:22:24 INFO  DesktopPage :115 - click On Show All Desktop[[ChromeDriver: chrome on WINDOWS (5eff5e28df58d2ecb6649270e970036f)] -> link text: Show All Desktops]
2022-12-19 06:22:25 INFO  DesktopPage :147 - Sort Name (A - Z) By Position NameAtoZ[[ChromeDriver: chrome on WINDOWS (5eff5e28df58d2ecb6649270e970036f)] -> xpath: //select[@id='input-sort']]
2022-12-19 06:22:25 INFO  DesktopPage :151 - Click On Product HPLP3065[[ChromeDriver: chrome on WINDOWS (5eff5e28df58d2ecb6649270e970036f)] -> link text: HP LP3065]
2022-12-19 06:23:54 INFO  DesktopPage :100 - click on currency link[[ChromeDriver: chrome on WINDOWS (37e6c766dbd3b5b7c6a1237d2c81bd14)] -> xpath: //span[contains(text(),'Currency')]]
2022-12-19 06:23:54 INFO  DesktopPage :111 - Mouse Hover On Desktop[[ChromeDriver: chrome on WINDOWS (37e6c766dbd3b5b7c6a1237d2c81bd14)] -> link text: Desktops]
2022-12-19 06:23:54 INFO  DesktopPage :115 - click On Show All Desktop[[ChromeDriver: chrome on WINDOWS (37e6c766dbd3b5b7c6a1237d2c81bd14)] -> link text: Show All Desktops]
2022-12-19 06:23:55 INFO  DesktopPage :147 - Sort Name (A - Z) By Position NameAtoZ[[ChromeDriver: chrome on WINDOWS (37e6c766dbd3b5b7c6a1237d2c81bd14)] -> xpath: //select[@id='input-sort']]
2022-12-19 06:23:56 INFO  DesktopPage :151 - Click On Product HPLP3065[[ChromeDriver: chrome on WINDOWS (37e6c766dbd3b5b7c6a1237d2c81bd14)] -> link text: HP LP3065]
2022-12-19 06:26:18 INFO  DesktopPage :100 - click on currency link[[ChromeDriver: chrome on WINDOWS (26e1695e3dd3e533a623163df3195adb)] -> xpath: //span[contains(text(),'Currency')]]
2022-12-19 06:26:19 INFO  DesktopPage :111 - Mouse Hover On Desktop[[ChromeDriver: chrome on WINDOWS (26e1695e3dd3e533a623163df3195adb)] -> link text: Desktops]
2022-12-19 06:26:19 INFO  DesktopPage :115 - click On Show All Desktop[[ChromeDriver: chrome on WINDOWS (26e1695e3dd3e533a623163df3195adb)] -> link text: Show All Desktops]
2022-12-19 06:26:20 INFO  DesktopPage :147 - Sort Name (A - Z) By Position NameAtoZ[[ChromeDriver: chrome on WINDOWS (26e1695e3dd3e533a623163df3195adb)] -> xpath: //select[@id='input-sort']]
2022-12-19 06:26:20 INFO  DesktopPage :151 - Click On Product HPLP3065[[ChromeDriver: chrome on WINDOWS (26e1695e3dd3e533a623163df3195adb)] -> link text: HP LP3065]
2022-12-19 06:45:03 INFO  TopMenuPage :67 -  Mousehover and Click on desktop [[ChromeDriver: chrome on WINDOWS (d2e5b75956bb3e12b8b5974325177746)] -> link text: Desktops]
2022-12-19 06:51:26 INFO  TopMenuPage :67 -  Mousehover and Click on desktop [[ChromeDriver: chrome on WINDOWS (8709d58e997adc3d82586e19d62d442a)] -> link text: Desktops]
2022-12-19 07:08:03 INFO  TopMenuPage :67 -  Mousehover and Click on desktop [[ChromeDriver: chrome on WINDOWS (2afe49edc75cada11139178fbcc44bb3)] -> link text: Desktops]
2022-12-19 07:11:16 INFO  TopMenuPage :67 -  Mousehover and Click on desktop [[ChromeDriver: chrome on WINDOWS (d0f1f4488fad029c0853d6cb7990a721)] -> link text: Desktops]
2022-12-19 07:18:24 INFO  TopMenuPage :67 -  Mousehover and Click on desktop [[ChromeDriver: chrome on WINDOWS (4751fddae19e79b56ea9dad9ef992711)] -> link text: Desktops]
2022-12-19 07:29:25 INFO  TopMenuPage :67 -  Mousehover and Click on desktop [[ChromeDriver: chrome on WINDOWS (51e61e47bfe875479841f4b80a2f672d)] -> link text: Desktops]
2022-12-19 07:34:50 INFO  TopMenuPage :67 -  Mousehover and Click on desktop [[ChromeDriver: chrome on WINDOWS (76ddcf2b8e603a51cfc01f0384d2e846)] -> link text: Desktops]
2022-12-19 07:34:51 INFO  TopMenuPage :72 - get Text Desktop[[ChromeDriver: chrome on WINDOWS (76ddcf2b8e603a51cfc01f0384d2e846)] -> xpath: //h2[contains(text(),'Desktops')]]
2022-12-19 07:49:50 INFO  TopMenuPage :67 -  Mousehover and Click on desktop [[ChromeDriver: chrome on WINDOWS (2c31cb089a3561aa71ad1f65171294e1)] -> link text: Desktops]
2022-12-19 07:49:51 INFO  TopMenuPage :72 - get Text Desktop[[ChromeDriver: chrome on WINDOWS (2c31cb089a3561aa71ad1f65171294e1)] -> xpath: //h2[contains(text(),'Desktops')]]
2022-12-19 07:51:14 INFO  TopMenuPage :67 -  Mousehover and Click on desktop [[ChromeDriver: chrome on WINDOWS (3b4e372d710d9e2c7822dff80b11240d)] -> link text: Desktops]
2022-12-19 07:51:18 INFO  TopMenuPage :72 - get Text Desktop[[ChromeDriver: chrome on WINDOWS (3b4e372d710d9e2c7822dff80b11240d)] -> xpath: //h2[contains(text(),'Desktops')]]
2022-12-19 07:51:28 INFO  TopMenuPage :77 - mouseHoverOnLaptopsAndNotebooksTab[[ChromeDriver: chrome on WINDOWS (78cd140670c92b541ed8b5fabec4fe79)] -> link text: Laptops & Notebooks]
2022-12-19 07:51:29 INFO  TopMenuPage :82 - getLaptopsAndNotebooksText[[ChromeDriver: chrome on WINDOWS (78cd140670c92b541ed8b5fabec4fe79)] -> xpath: //h2[contains(text(),'Laptops & Notebooks')]]
2022-12-19 07:54:29 INFO  TopMenuPage :67 -  Mousehover and Click on desktop [[ChromeDriver: chrome on WINDOWS (2351378b747c23bd99c6ba7886cecc0e)] -> link text: Desktops]
2022-12-19 07:54:30 INFO  TopMenuPage :72 - get Text Desktop[[ChromeDriver: chrome on WINDOWS (2351378b747c23bd99c6ba7886cecc0e)] -> xpath: //h2[contains(text(),'Desktops')]]
2022-12-19 07:54:35 INFO  TopMenuPage :77 - mouseHoverOnLaptopsAndNotebooksTab[[ChromeDriver: chrome on WINDOWS (3a76131b957b1e9550679ff5ce09b774)] -> link text: Laptops & Notebooks]
2022-12-19 07:54:36 INFO  TopMenuPage :82 - getLaptopsAndNotebooksText[[ChromeDriver: chrome on WINDOWS (3a76131b957b1e9550679ff5ce09b774)] -> xpath: //h2[contains(text(),'Laptops & Notebooks')]]
2022-12-19 07:54:41 INFO  TopMenuPage :87 - mouseHoverToComponentsTab[[ChromeDriver: chrome on WINDOWS (c8e9e7cb6947868d350f57f033c9fc8e)] -> link text: Components]
2022-12-19 07:54:41 INFO  TopMenuPage :92 - getComponentsText[[ChromeDriver: chrome on WINDOWS (c8e9e7cb6947868d350f57f033c9fc8e)] -> xpath: //h2[contains(text(),'Components')]]
2022-12-19 08:12:55 INFO  LaptopsAndNotebooksPage :161 - MouseHover On LaptopsAndDesktopTab[[ChromeDriver: chrome on WINDOWS (e04ead016de72e89feae443ea0f00742)] -> link text: Laptops & Notebooks]
2022-12-19 08:12:55 INFO  LaptopsAndNotebooksPage :166 - clickOnShowAllLaptopsAndNotebooks[[ChromeDriver: chrome on WINDOWS (e04ead016de72e89feae443ea0f00742)] -> xpath: //a[contains(text(),'Show All Laptops & Notebooks')]]
2022-12-19 08:12:56 INFO  LaptopsAndNotebooksPage :171 - Sort By PriceHighToLow[[ChromeDriver: chrome on WINDOWS (e04ead016de72e89feae443ea0f00742)] -> xpath: //select[@id='input-sort']]
2022-12-19 08:13:49 INFO  LaptopsAndNotebooksPage :161 - MouseHover On LaptopsAndDesktopTab[[ChromeDriver: chrome on WINDOWS (b49d04e36f6a119cc4a47d6372ed798c)] -> link text: Laptops & Notebooks]
2022-12-19 08:13:49 INFO  LaptopsAndNotebooksPage :166 - clickOnShowAllLaptopsAndNotebooks[[ChromeDriver: chrome on WINDOWS (b49d04e36f6a119cc4a47d6372ed798c)] -> xpath: //a[contains(text(),'Show All Laptops & Notebooks')]]
2022-12-19 08:13:50 INFO  LaptopsAndNotebooksPage :171 - Sort By PriceHighToLow[[ChromeDriver: chrome on WINDOWS (b49d04e36f6a119cc4a47d6372ed798c)] -> xpath: //select[@id='input-sort']]
2022-12-19 08:15:03 INFO  LaptopsAndNotebooksPage :161 - MouseHover On LaptopsAndDesktopTab[[ChromeDriver: chrome on WINDOWS (7b145231b795e8548656c37ce2f514ad)] -> link text: Laptops & Notebooks]
2022-12-19 08:15:03 INFO  LaptopsAndNotebooksPage :166 - clickOnShowAllLaptopsAndNotebooks[[ChromeDriver: chrome on WINDOWS (7b145231b795e8548656c37ce2f514ad)] -> xpath: //a[contains(text(),'Show All Laptops & Notebooks')]]
2022-12-19 08:15:04 INFO  LaptopsAndNotebooksPage :171 - Sort By PriceHighToLow[[ChromeDriver: chrome on WINDOWS (7b145231b795e8548656c37ce2f514ad)] -> xpath: //select[@id='input-sort']]
2022-12-19 08:16:58 INFO  LaptopsAndNotebooksPage :161 - MouseHover On LaptopsAndDesktopTab[[ChromeDriver: chrome on WINDOWS (18b21207a6552e5e5f6aa4afd1f12019)] -> link text: Laptops & Notebooks]
2022-12-19 08:16:58 INFO  LaptopsAndNotebooksPage :166 - clickOnShowAllLaptopsAndNotebooks[[ChromeDriver: chrome on WINDOWS (18b21207a6552e5e5f6aa4afd1f12019)] -> xpath: //a[contains(text(),'Show All Laptops & Notebooks')]]
2022-12-19 08:16:59 INFO  LaptopsAndNotebooksPage :171 - Sort By PriceHighToLow[[ChromeDriver: chrome on WINDOWS (18b21207a6552e5e5f6aa4afd1f12019)] -> xpath: //select[@id='input-sort']]
2022-12-19 09:27:45 INFO  LaptopsAndNotebooksPage :161 - MouseHover On LaptopsAndDesktopTab[[ChromeDriver: chrome on WINDOWS (80a3490ae6533406758ebb089d40d0f2)] -> link text: Laptops & Notebooks]
2022-12-19 09:27:45 INFO  LaptopsAndNotebooksPage :166 - clickOnShowAllLaptopsAndNotebooks[[ChromeDriver: chrome on WINDOWS (80a3490ae6533406758ebb089d40d0f2)] -> xpath: //a[contains(text(),'Show All Laptops & Notebooks')]]
2022-12-19 09:27:46 INFO  LaptopsAndNotebooksPage :171 - Sort By PriceHighToLow[[ChromeDriver: chrome on WINDOWS (80a3490ae6533406758ebb089d40d0f2)] -> xpath: //select[@id='input-sort']]
2022-12-19 09:27:54 INFO  LaptopsAndNotebooksPage :161 - MouseHover On LaptopsAndDesktopTab[[ChromeDriver: chrome on WINDOWS (b0a10563351ceb874bfb167471de55f6)] -> link text: Laptops & Notebooks]
2022-12-19 09:27:54 INFO  LaptopsAndNotebooksPage :166 - clickOnShowAllLaptopsAndNotebooks[[ChromeDriver: chrome on WINDOWS (b0a10563351ceb874bfb167471de55f6)] -> xpath: //a[contains(text(),'Show All Laptops & Notebooks')]]
2022-12-19 09:27:55 INFO  LaptopsAndNotebooksPage :171 - Sort By PriceHighToLow[[ChromeDriver: chrome on WINDOWS (b0a10563351ceb874bfb167471de55f6)] -> xpath: //select[@id='input-sort']]
2022-12-19 09:27:56 INFO  LaptopsAndNotebooksPage :217 - Click On MacBookTab[[ChromeDriver: chrome on WINDOWS (b0a10563351ceb874bfb167471de55f6)] -> link text: MacBook]
2022-12-19 09:27:57 INFO  LaptopsAndNotebooksPage :222 - Click On AddToCartButton[[ChromeDriver: chrome on WINDOWS (b0a10563351ceb874bfb167471de55f6)] -> xpath: //button[@id='button-cart']]
2022-12-19 09:27:57 INFO  LaptopsAndNotebooksPage :227 - Get SuccessText From Link[[ChromeDriver: chrome on WINDOWS (b0a10563351ceb874bfb167471de55f6)] -> xpath: //div[@class='alert alert-success alert-dismissible']]
2022-12-19 09:27:57 INFO  LaptopsAndNotebooksPage :232 - Click On ShoppingCart[[ChromeDriver: chrome on WINDOWS (b0a10563351ceb874bfb167471de55f6)] -> xpath: //span[contains(text(),'Shopping Cart')]]
2022-12-19 09:27:58 INFO  LaptopsAndNotebooksPage :237 - get ShoppingCart Message[[ChromeDriver: chrome on WINDOWS (b0a10563351ceb874bfb167471de55f6)] -> xpath: //a[contains(text(),'Shopping Cart')]]
2022-12-19 09:27:58 INFO  LaptopsAndNotebooksPage :242 - Get VerifyProduct Macbook[[ChromeDriver: chrome on WINDOWS (b0a10563351ceb874bfb167471de55f6)] -> link text: MacBook]
2022-12-19 09:27:58 INFO  LaptopsAndNotebooksPage :256 - Click On UpdateCart[[ChromeDriver: chrome on WINDOWS (b0a10563351ceb874bfb167471de55f6)] -> xpath: //button[contains(@data-original-title, 'Update')]]
2022-12-19 09:28:12 INFO  LaptopsAndNotebooksPage :261 - getSuccessModifiedCartMessageProxy element for: DefaultElementLocator 'By.xpath: //div[@id='checkout-cart']/div[1]'
2022-12-19 09:28:27 INFO  LaptopsAndNotebooksPage :161 - MouseHover On LaptopsAndDesktopTab[[ChromeDriver: chrome on WINDOWS (c39c0e0ced133290bd6a8262e0d3175a)] -> link text: Laptops & Notebooks]
2022-12-19 09:28:28 INFO  LaptopsAndNotebooksPage :166 - clickOnShowAllLaptopsAndNotebooks[[ChromeDriver: chrome on WINDOWS (c39c0e0ced133290bd6a8262e0d3175a)] -> xpath: //a[contains(text(),'Show All Laptops & Notebooks')]]
2022-12-19 09:28:28 INFO  LaptopsAndNotebooksPage :171 - Sort By PriceHighToLow[[ChromeDriver: chrome on WINDOWS (c39c0e0ced133290bd6a8262e0d3175a)] -> xpath: //select[@id='input-sort']]
2022-12-19 09:28:36 INFO  LaptopsAndNotebooksPage :161 - MouseHover On LaptopsAndDesktopTab[[ChromeDriver: chrome on WINDOWS (d2b33e82f4680ab4af8749d7f94eb5f5)] -> link text: Laptops & Notebooks]
2022-12-19 09:28:36 INFO  LaptopsAndNotebooksPage :166 - clickOnShowAllLaptopsAndNotebooks[[ChromeDriver: chrome on WINDOWS (d2b33e82f4680ab4af8749d7f94eb5f5)] -> xpath: //a[contains(text(),'Show All Laptops & Notebooks')]]
2022-12-19 09:28:37 INFO  LaptopsAndNotebooksPage :171 - Sort By PriceHighToLow[[ChromeDriver: chrome on WINDOWS (d2b33e82f4680ab4af8749d7f94eb5f5)] -> xpath: //select[@id='input-sort']]
2022-12-19 09:28:37 INFO  LaptopsAndNotebooksPage :217 - Click On MacBookTab[[ChromeDriver: chrome on WINDOWS (d2b33e82f4680ab4af8749d7f94eb5f5)] -> link text: MacBook]
2022-12-19 09:28:39 INFO  LaptopsAndNotebooksPage :222 - Click On AddToCartButton[[ChromeDriver: chrome on WINDOWS (d2b33e82f4680ab4af8749d7f94eb5f5)] -> xpath: //button[@id='button-cart']]
2022-12-19 09:28:39 INFO  LaptopsAndNotebooksPage :227 - Get SuccessText From Link[[ChromeDriver: chrome on WINDOWS (d2b33e82f4680ab4af8749d7f94eb5f5)] -> xpath: //div[@class='alert alert-success alert-dismissible']]
2022-12-19 09:28:39 INFO  LaptopsAndNotebooksPage :232 - Click On ShoppingCart[[ChromeDriver: chrome on WINDOWS (d2b33e82f4680ab4af8749d7f94eb5f5)] -> xpath: //span[contains(text(),'Shopping Cart')]]
2022-12-19 09:28:40 INFO  LaptopsAndNotebooksPage :237 - get ShoppingCart Message[[ChromeDriver: chrome on WINDOWS (d2b33e82f4680ab4af8749d7f94eb5f5)] -> xpath: //a[contains(text(),'Shopping Cart')]]
2022-12-19 09:28:40 INFO  LaptopsAndNotebooksPage :242 - Get VerifyProduct Macbook[[ChromeDriver: chrome on WINDOWS (d2b33e82f4680ab4af8749d7f94eb5f5)] -> link text: MacBook]
2022-12-19 09:28:40 INFO  LaptopsAndNotebooksPage :256 - Click On UpdateCart[[ChromeDriver: chrome on WINDOWS (d2b33e82f4680ab4af8749d7f94eb5f5)] -> xpath: //button[contains(@data-original-title, 'Update')]]
2022-12-19 09:29:01 INFO  LaptopsAndNotebooksPage :261 - getSuccessModifiedCartMessageProxy element for: DefaultElementLocator 'By.xpath: //div[@id='checkout-cart']/div[1]'
2022-12-19 21:32:02 INFO  MyAccountPage :115 - click On MyAccount Link [[ChromeDriver: chrome on WINDOWS (19e3be08def5c72ec3ce66d5914dbf25)] -> xpath: //span[contains(text(),'My Account')]]
2022-12-19 21:32:23 INFO  MyAccountPage :121 - getRegisterAccountMessage[[ChromeDriver: chrome on WINDOWS (19e3be08def5c72ec3ce66d5914dbf25)] -> xpath: //h1[contains(text(),'Register Account')]]
2022-12-19 21:44:29 INFO  MyAccountPage :115 - click On MyAccount Link [[ChromeDriver: chrome on WINDOWS (e76e04c255ccdbfcaa9fb3876f3a1b6d)] -> xpath: //span[contains(text(),'My Account')]]
2022-12-19 21:44:29 INFO  MyAccountPage :126 - getReturningCustomerMessage[[ChromeDriver: chrome on WINDOWS (e76e04c255ccdbfcaa9fb3876f3a1b6d)] -> xpath: //h2[contains(text(),'Returning Customer')]]
2022-12-19 21:52:12 INFO  MyAccountPage :115 - click On MyAccount Link [[ChromeDriver: chrome on WINDOWS (f6483337f37b694f6f107b93042bbf69)] -> xpath: //span[contains(text(),'My Account')]]
2022-12-19 21:52:33 INFO  MyAccountPage :131 - Enter First Name Dev in field[[ChromeDriver: chrome on WINDOWS (f6483337f37b694f6f107b93042bbf69)] -> id: input-firstname]
2022-12-19 21:52:33 INFO  LaptopsAndNotebooksPage :301 - Enter LastName Coldo in lastname field [[ChromeDriver: chrome on WINDOWS (f6483337f37b694f6f107b93042bbf69)] -> name: lastname]
